<?xml version="1.0" encoding="utf-8"?><testsuites name="pytest tests"><testsuite name="pytest" errors="0" failures="0" skipped="0" tests="20" time="4.192" timestamp="2026-02-26T21:52:30.441661+00:00" hostname="agent-env-4519b7f2-4cfa-4fef-a627-d03f5b0898f7"><testcase classname="backend.tests.test_letters_subscribers_api.TestAuthenticationSetup" name="test_login_success" time="0.364" /><testcase classname="backend.tests.test_letters_subscribers_api.TestAuthenticationSetup" name="test_login_invalid_credentials" time="0.148" /><testcase classname="backend.tests.test_letters_subscribers_api.TestLettersAPI" name="test_get_letters_list" time="0.108" /><testcase classname="backend.tests.test_letters_subscribers_api.TestLettersAPI" name="test_letters_have_required_fields" time="0.146" /><testcase classname="backend.tests.test_letters_subscribers_api.TestLettersAPI" name="test_create_letter_requires_auth" time="0.128" /><testcase classname="backend.tests.test_letters_subscribers_api.TestLettersAPI" name="test_create_letter_with_auth" time="0.561" /><testcase classname="backend.tests.test_letters_subscribers_api.TestLettersAPI" name="test_get_created_letter" time="0.160" /><testcase classname="backend.tests.test_letters_subscribers_api.TestLettersAPI" name="test_update_letter_requires_auth" time="0.121" /><testcase classname="backend.tests.test_letters_subscribers_api.TestLettersAPI" name="test_update_letter_with_auth" time="0.109" /><testcase classname="backend.tests.test_letters_subscribers_api.TestLettersAPI" name="test_update_nonexistent_letter" time="0.124" /><testcase classname="backend.tests.test_letters_subscribers_api.TestLettersAPI" name="test_delete_letter_requires_auth" time="0.140" /><testcase classname="backend.tests.test_letters_subscribers_api.TestLettersAPI" name="test_delete_letter_with_auth" time="0.254" /><testcase classname="backend.tests.test_letters_subscribers_api.TestLettersAPI" name="test_delete_nonexistent_letter" time="0.139" /><testcase classname="backend.tests.test_letters_subscribers_api.TestSubscribersAPI" name="test_subscribe_new_email" time="0.113" /><testcase classname="backend.tests.test_letters_subscribers_api.TestSubscribersAPI" name="test_subscribe_duplicate_email" time="0.119" /><testcase classname="backend.tests.test_letters_subscribers_api.TestSubscribersAPI" name="test_get_subscribers_requires_auth" time="0.152" /><testcase classname="backend.tests.test_letters_subscribers_api.TestSubscribersAPI" name="test_get_subscribers_with_auth" time="0.551" /><testcase classname="backend.tests.test_letters_subscribers_api.TestSubscribersAPI" name="test_subscribers_have_required_fields" time="0.114" /><testcase classname="backend.tests.test_letters_subscribers_api.TestSeedData" name="test_seed_letters_exist" time="0.122" /><testcase classname="backend.tests.test_letters_subscribers_api.TestSeedData" name="test_seed_subscriber_exists" time="0.467" /></testsuite></testsuites>